root@prox:~# 
Message from syslogd@prox at Sep  7 20:29:00 ...
 kernel:[  317.416739] [Hardware Error]: Corrected error, no action required.

Message from syslogd@prox at Sep  7 20:29:00 ...
 kernel:[  317.416744] [Hardware Error]: CPU:3 (17:71:0) MC2_STATUS[Over|CE|MiscV|AddrV|-|-|SyndV|CECC|-|-|-]: 0xdc20400000020136

Message from syslogd@prox at Sep  7 20:29:00 ...
 kernel:[  317.416753] [Hardware Error]: Error Addr: 0x000000010aa21f00

Message from syslogd@prox at Sep  7 20:29:00 ...
 kernel:[  317.416755] [Hardware Error]: IPID: 0x000200b000000000, Syndrome: 0x000037311a440f85

Message from syslogd@prox at Sep  7 20:29:00 ...
 kernel:[  317.416759] [Hardware Error]: L2 Cache Ext. Error Code: 2, L2M Data Array ECC Error.

Message from syslogd@prox at Sep  7 20:29:00 ...
 kernel:[  317.416763] [Hardware Error]: cache level: L2, tx: DATA, mem-tx: DRD

Message from syslogd@prox at Sep  7 20:29:00 ...
 kernel:[  317.416768] [Hardware Error]: Corrected error, no action required.

Message from syslogd@prox at Sep  7 20:29:00 ...
 kernel:[  317.416769] [Hardware Error]: CPU:0 (17:71:0) MC7_STATUS[Over|CE|MiscV|AddrV|-|SyndV|CECC|-|-|-]: 0xdc2040000004010b

Message from syslogd@prox at Sep  7 20:29:00 ...
 kernel:[  317.416776] [Hardware Error]: Error Addr: 0x000000010aa21f00

Message from syslogd@prox at Sep  7 20:29:00 ...
 kernel:[  317.416779] [Hardware Error]: IPID: 0x000700b020350000, Syndrome: 0x000037311a47070a

Message from syslogd@prox at Sep  7 20:29:00 ...
 kernel:[  317.416782] [Hardware Error]: L3 Cache Ext. Error Code: 4, L3M Data ECC Error.

Message from syslogd@prox at Sep  7 20:29:00 ...
 kernel:[  317.416786] [Hardware Error]: cache level: L3/GEN, tx: GEN, mem-tx: GEN
